<?xml version="1.0" encoding="UTF-8"?>
<!-- Generated by org.testng.reporters.JUnitReportReporter -->
<testsuite hostname="INCNU4129FFM" failures="0" tests="1" name="MVNParat2.MavenProject2.OneTest" time="26.737" errors="0" timestamp="2020-08-13T13:15:45 IST" skipped="0">
  <testcase classname="MVNParat2.MavenProject2.OneTest" name="metheodOne" time="26.737"/>
  <system-out/>
</testsuite> <!-- MVNParat2.MavenProject2.OneTest -->
